<?xml version="1.0" encoding="UTF-8"?>
<!-- Generated by org.testng.reporters.JUnitReportReporter -->
<testsuite hostname="LAPTOP-3GIMGUJJ" name="testcases.TC006" tests="3" failures="0" timestamp="5 Apr 2022 12:36:15 GMT" time="179.495" errors="0">
  <testcase name="formCAndT" time="36.802" classname="testcases.TC006"/>
  <testcase name="formCAndT" time="69.648" classname="testcases.TC006"/>
  <testcase name="formCAndT" time="73.045" classname="testcases.TC006"/>
</testsuite> <!-- testcases.TC006 -->
