<?xml version="1.0" encoding="UTF-8"?>
<!-- Generated by org.testng.reporters.JUnitReportReporter -->
<testsuite hostname="LAPTOP-3GIMGUJJ" name="testcases.TC0012" tests="1" failures="0" timestamp="4 Apr 2022 09:56:24 GMT" time="17.035" errors="0">
  <testcase name="PromptAlert" time="17.035" classname="testcases.TC0012"/>
</testsuite> <!-- testcases.TC0012 -->
