<?xml version="1.0" encoding="UTF-8"?>
<!-- Generated by org.testng.reporters.JUnitReportReporter -->
<testsuite hostname="LAPTOP-3GIMGUJJ" name="testcases.TC005" tests="3" failures="0" timestamp="6 Apr 2022 08:50:31 GMT" time="209.680" errors="0">
  <testcase name="irctcBookHotelsGst" time="69.584" classname="testcases.TC005"/>
  <testcase name="irctcBookHotelsGst" time="71.715" classname="testcases.TC005"/>
  <testcase name="irctcBookHotelsGst" time="68.381" classname="testcases.TC005"/>
</testsuite> <!-- testcases.TC005 -->
