<?xml version="1.0" encoding="UTF-8"?>
<!-- Generated by org.testng.reporters.JUnitReportReporter -->
<testsuite hostname="LAPTOP-3GIMGUJJ" name="testcases.CrossBrowserTesting" tests="2" failures="0" timestamp="7 Jul 2022 15:23:34 GMT" time="6.578" errors="0">
  <testcase name="login" time="3.123" classname="testcases.CrossBrowserTesting"/>
  <testcase name="login" time="3.455" classname="testcases.CrossBrowserTesting"/>
</testsuite> <!-- testcases.CrossBrowserTesting -->
