<?xml version="1.0" encoding="UTF-8"?>
<!-- Generated by org.testng.reporters.JUnitReportReporter -->
<testsuite hostname="LAPTOP-3GIMGUJJ" name="testcases.TC007" tests="3" failures="0" timestamp="3 Apr 2022 15:02:02 GMT" time="57.738" errors="0">
  <testcase name="facebookLogin" time="19.877" classname="testcases.TC007"/>
  <testcase name="facebookLogin" time="18.245" classname="testcases.TC007"/>
  <testcase name="facebookLogin" time="19.616" classname="testcases.TC007"/>
</testsuite> <!-- testcases.TC007 -->
