<?xml version="1.0" encoding="UTF-8"?>
<!-- Generated by org.testng.reporters.JUnitReportReporter -->
<testsuite hostname="LAPTOP-3GIMGUJJ" name="utils.DP007" tests="1" failures="0" timestamp="30 Mar 2022 14:50:53 GMT" time="0.640" errors="0">
  <testcase name="getData" time="0.640" classname="utils.DP007"/>
</testsuite> <!-- utils.DP007 -->
