<?xml version="1.0" encoding="UTF-8"?>
<!-- Generated by org.testng.reporters.JUnitReportReporter -->
<testsuite hostname="LAPTOP-3GIMGUJJ" name="testcases.TC0011" tests="1" failures="0" timestamp="4 Apr 2022 09:49:47 GMT" time="17.215" errors="0">
  <testcase name="ConfirmationAlert" time="17.215" classname="testcases.TC0011"/>
</testsuite> <!-- testcases.TC0011 -->
