<?xml version="1.0" encoding="UTF-8"?>
<!-- Generated by org.testng.reporters.JUnitReportReporter -->
<testsuite hostname="LAPTOP-3GIMGUJJ" name="testcases.TC009" tests="1" failures="0" timestamp="4 Apr 2022 09:37:03 GMT" time="18.096" errors="0">
  <testcase name="panIndia" time="18.096" classname="testcases.TC009"/>
</testsuite> <!-- testcases.TC009 -->
