<?xml version="1.0" encoding="UTF-8"?>
<!-- Generated by org.testng.reporters.JUnitReportReporter -->
<testsuite hostname="LAPTOP-3GIMGUJJ" name="testcases.TC008" tests="3" failures="0" timestamp="6 Apr 2022 10:03:57 GMT" time="42.911" errors="0">
  <testcase name="phpTravels" time="13.980" classname="testcases.TC008"/>
  <testcase name="phpTravels" time="13.813" classname="testcases.TC008"/>
  <testcase name="phpTravels" time="15.118" classname="testcases.TC008"/>
</testsuite> <!-- testcases.TC008 -->
