<?xml version="1.0" encoding="UTF-8"?>
<!-- Generated by org.testng.reporters.JUnitReportReporter -->
<testsuite hostname="LAPTOP-3GIMGUJJ" name="testcases.AmazonSearch" tests="1" failures="0" timestamp="8 Jul 2022 15:07:33 GMT" time="13.307" errors="0">
  <testcase name="amazon" time="13.307" classname="testcases.AmazonSearch"/>
</testsuite> <!-- testcases.AmazonSearch -->
