<?xml version="1.0" encoding="UTF-8"?>
<!-- Generated by org.testng.reporters.JUnitReportReporter -->
<testsuite hostname="LAPTOP-3GIMGUJJ" name="testcases.TC0010" tests="1" failures="0" timestamp="4 Apr 2022 09:47:50 GMT" time="20.341" errors="0">
  <testcase name="SimpleAlert" time="20.341" classname="testcases.TC0010"/>
</testsuite> <!-- testcases.TC0010 -->
